*** Using Compiler 'V5.06 update 3 (build 300)', folder: 'E:\MDK5\ARM\ARMCC\Bin'
Build target 'FlyBee'
assembling startup_stm32f411xe.s...
compiling armlib_lock_glue.c...
compiling usb_otg.c...
compiling dma.c...
compiling i2c.c...
compiling tim.c...
compiling stm32f4xx_it.c...
compiling gpio.c...
compiling main.c...
compiling stm32f4xx_hal_msp.c...
compiling freertos.c...
compiling stm32f4xx_hal_rcc.c...
compiling stm32f4xx_hal_rcc_ex.c...
compiling stm32f4xx_hal_flash.c...
compiling stm32f4xx_hal_flash_ex.c...
compiling stm32f4xx_hal_flash_ramfunc.c...
compiling stm32f4xx_hal_pwr_ex.c...
compiling stm32f4xx_hal.c...
compiling stm32f4xx_hal_cortex.c...
compiling stm32f4xx_hal_gpio.c...
compiling stm32f4xx_hal_pwr.c...
compiling stm32f4xx_hal_exti.c...
compiling stm32f4xx_hal_dma.c...
compiling stm32f4xx_hal_dma_ex.c...
compiling stm32f4xx_hal_i2c_ex.c...
compiling event_groups.c...
compiling croutine.c...
compiling list.c...
compiling stm32f4xx_hal_i2c.c...
compiling queue.c...
compiling stream_buffer.c...
compiling tasks.c...
compiling timers.c...
compiling heap_4.c...
compiling stm32f4xx_hal_tim_ex.c...
compiling system_stm32f4xx.c...
compiling port.c...
compiling stm32f4xx_hal_tim.c...
compiling cmsis_os2.c...
linking...
Program Size: Code=16720 RO-data=576 RW-data=152 ZI-data=20840  
FromELF: creating hex file...
"FlyBee\FlyBee.axf" - 0 Error(s), 0 Warning(s).
Build Time Elapsed:  00:00:14
